Removed Pin From Net: NetName=PA3 Pin=P2-1
Removed Pin From Net: NetName=PA4 Pin=P2-2
Removed Pin From Net: NetName=PA5 Pin=P2-3
Removed Pin From Net: NetName=PA6 Pin=P2-4
Removed Pin From Net: NetName=PA7 Pin=P2-5
Removed Pin From Net: NetName=OLEDRESET Pin=P2-6
Removed Pin From Net: NetName=PC5 Pin=P2-7
Removed Pin From Net: NetName=PB0 Pin=P2-8
Removed Pin From Net: NetName=PB1 Pin=P2-9
Removed Pin From Net: NetName=BOOT1 Pin=P2-10
Removed Pin From Net: NetName=PB10 Pin=P2-11
Removed Pin From Net: NetName=PB11 Pin=P2-12
Change Component DesignItemId : Designator=P2 Old DesignItemId=Header 6X2 New DesignItemId=Header 7X2
Change Component Footprint: Designator=P2 Old Footprint=HEADER 6X2 New Footprint=Header 7X2
Change Component Comment : Designator=P2 Old Comment=Header 6X2 New Comment=Header 7X2
Added Pin To Net: NetName=GND Pin=P1-1
Added Pin To Net: NetName=GND Pin=P1-3
Added Pin To Net: NetName=3V3 Pin=P2-1
Added Pin To Net: NetName=3V3 Pin=P2-2
Added Pin To Net: NetName=PA3 Pin=P2-3
Added Pin To Net: NetName=PA4 Pin=P2-4
Added Pin To Net: NetName=PA5 Pin=P2-5
Added Pin To Net: NetName=PA6 Pin=P2-6
Added Pin To Net: NetName=PA7 Pin=P2-7
Added Pin To Net: NetName=OLEDRESET Pin=P2-8
Added Pin To Net: NetName=PC5 Pin=P2-9
Added Pin To Net: NetName=PB0 Pin=P2-10
Added Pin To Net: NetName=PB1 Pin=P2-11
Added Pin To Net: NetName=BOOT1 Pin=P2-12
Added Pin To Net: NetName=PB10 Pin=P2-13
Added Pin To Net: NetName=PB11 Pin=P2-14
Added Pin To Net: NetName=3V3 Pin=P4-16
Added Pin To Net: NetName=3V3 Pin=P4-18
