Remove Pin=P2-3 From Net=BOOT0
Add Pin To Net: Pin=P2-12 Old Net=PA14 New Net=SWDIO
Add Pin To Net: Pin=P2-13 Old Net=NetP2_13 New Net=PA12
Add Pin To Net: Pin=P2-14 Old Net=NetP2_14 New Net=PA11
Add Pin To Net: Pin=P2-15 Old Net=NetP2_15 New Net=RXD
Add Pin To Net: Pin=P2-16 Old Net=NetP2_16 New Net=TXD
Add Pin To Net: Pin=P2-17 Old Net=NetP2_17 New Net=PA8
Add Pin To Net: Pin=P2-18 Old Net=NetP2_18 New Net=PC9
Add Pin To Net: Pin=P2-19 Old Net=NetP2_19 New Net=PC8
Add Pin To Net: Pin=P2-20 Old Net=NetP2_20 New Net=PC7
Add Pin To Net: Pin=P2-21 Old Net=NetP2_21 New Net=PC6
Add Pin To Net: Pin=P2-22 Old Net=NetP2_22 New Net=PB15
Add Pin To Net: Pin=P2-23 Old Net=NetP2_23 New Net=PB14
Add Pin To Net: Pin=P2-24 Old Net=NetP2_24 New Net=PB13
Add Pin To Net: Pin=P2-25 Old Net=NetP2_25 New Net=PB12
Change Pin Designator/Name:  Old Designator=P2-4 Old Name=4 New Designator =3 New Name=3
Change Pin Designator/Name:  Old Designator=P2-5 Old Name=5 New Designator =4 New Name=4
Change Pin Designator/Name:  Old Designator=P2-6 Old Name=6 New Designator =5 New Name=5
Change Pin Designator/Name:  Old Designator=P2-7 Old Name=7 New Designator =6 New Name=6
Change Pin Designator/Name:  Old Designator=P2-8 Old Name=8 New Designator =7 New Name=7
Change Pin Designator/Name:  Old Designator=P2-9 Old Name=9 New Designator =8 New Name=8
Change Pin Designator/Name:  Old Designator=P2-10 Old Name=10 New Designator =9 New Name=9
Change Pin Designator/Name:  Old Designator=P2-11 Old Name=11 New Designator =10 New Name=10
Change Pin Designator/Name:  Old Designator=P2-12 Old Name=12 New Designator =11 New Name=11
Change Pin Designator/Name:  Old Designator=Y2-1 Old Name=OSC1 New Designator =OSC1 New Name=1
Change Pin Designator/Name:  Old Designator=Y2-2 Old Name=OSC2 New Designator =OSC2 New Name=2
