Remove Pin=P2-1 From Net=PB12
Remove Pin=P2-2 From Net=PB13
Remove Pin=P2-3 From Net=PB14
Remove Pin=P2-4 From Net=PB15
Remove Pin=P2-5 From Net=PC6
Remove Pin=P2-6 From Net=PC7
Remove Pin=P2-7 From Net=PC8
Remove Pin=P2-8 From Net=PC9
Remove Pin=P2-9 From Net=PA8
Remove Pin=P2-10 From Net=PA9
Remove Pin=P2-11 From Net=PA10
Remove Pin=P2-12 From Net=PA11
Remove Pin=P2-13 From Net=PA12
Remove Pin=P2-14 From Net=PA13
Remove Pin=P3-3 From Net=PA3
Remove Pin=P3-4 From Net=PA4
Remove Pin=P3-5 From Net=PA5
Remove Pin=P3-6 From Net=PA6
Remove Pin=P3-7 From Net=PA7
Remove Pin=P3-8 From Net=OLEDRESET
Remove Pin=P3-9 From Net=PC5
Remove Pin=P3-10 From Net=PB0
Remove Pin=P3-11 From Net=PB1
Remove Pin=P3-12 From Net=BOOT1
Remove Pin=P3-13 From Net=PB10
Remove Pin=P3-14 From Net=PB11
Change Pin Designator/Name:  Old Designator=Y2-1 Old Name=OSC1 New Designator =OSC1 New Name=1
Change Pin Designator/Name:  Old Designator=Y2-2 Old Name=OSC2 New Designator =OSC2 New Name=2
