Add Pin To Net: Pin=P2-1 Old Net=NetP2_1 New Net=PB9
Add Pin To Net: Pin=P2-2 Old Net=NetP2_2 New Net=PB8
Add Pin To Net: Pin=P2-3 Old Net=NetP2_3 New Net=BOOT0
Add Pin To Net: Pin=P2-4 Old Net=NetP2_4 New Net=PB7
Add Pin To Net: Pin=P2-5 Old Net=NetP2_5 New Net=PB6
Add Pin To Net: Pin=P2-6 Old Net=NetP2_6 New Net=PB5
Add Pin To Net: Pin=P2-7 Old Net=NetP2_7 New Net=PB4
Add Pin To Net: Pin=P2-8 Old Net=NetP2_8 New Net=PB3
Add Pin To Net: Pin=P2-9 Old Net=NetP2_9 New Net=PD2
Add Pin To Net: Pin=P2-10 Old Net=NetP2_10 New Net=PC10
Add Pin To Net: Pin=P2-11 Old Net=NetP2_11 New Net=PA15
Add Pin To Net: Pin=P2-12 Old Net=NetP2_12 New Net=SWCLK
Change Pin Designator/Name:  Old Designator=P1-4 Old Name=4 New Designator =6 New Name=6
Change Pin Designator/Name:  Old Designator=P1-5 Old Name=5 New Designator =7 New Name=7
Change Pin Designator/Name:  Old Designator=P1-6 Old Name=6 New Designator =8 New Name=8
Change Pin Designator/Name:  Old Designator=P1-7 Old Name=7 New Designator =9 New Name=9
Change Pin Designator/Name:  Old Designator=P1-8 Old Name=8 New Designator =10 New Name=10
Change Pin Designator/Name:  Old Designator=P1-9 Old Name=9 New Designator =4 New Name=4
Change Pin Designator/Name:  Old Designator=P1-10 Old Name=10 New Designator =5 New Name=5
Change Pin Designator/Name:  Old Designator=Y2-1 Old Name=OSC1 New Designator =OSC1 New Name=1
Change Pin Designator/Name:  Old Designator=Y2-2 Old Name=OSC2 New Designator =OSC2 New Name=2
