Removed Pin From Net: NetName=GND Pin=P1-3
Removed Pin From Net: NetName=PC0 Pin=P1-6
Removed Pin From Net: NetName=PC1 Pin=P1-7
Removed Pin From Net: NetName=PC2 Pin=P1-8
Removed Pin From Net: NetName=PC3 Pin=P1-9
Removed Pin From Net: NetName=PA0 Pin=P1-10
Removed Pin From Net: NetName=PA1 Pin=P1-11
Removed Pin From Net: NetName=PA2 Pin=P1-12
Removed Pin From Net: NetName=3V3 Pin=P2-1
Removed Pin From Net: NetName=3V3 Pin=P2-2
Removed Pin From Net: NetName=PA3 Pin=P2-3
Removed Pin From Net: NetName=PA4 Pin=P2-4
Removed Pin From Net: NetName=PA5 Pin=P2-5
Removed Pin From Net: NetName=PA6 Pin=P2-6
Removed Pin From Net: NetName=PA7 Pin=P2-7
Removed Pin From Net: NetName=OLEDRESET Pin=P2-8
Removed Pin From Net: NetName=PC5 Pin=P2-9
Removed Pin From Net: NetName=PB0 Pin=P2-10
Removed Pin From Net: NetName=PB1 Pin=P2-11
Removed Pin From Net: NetName=BOOT1 Pin=P2-12
Removed Pin From Net: NetName=PB10 Pin=P2-13
Removed Pin From Net: NetName=PB11 Pin=P2-14
Removed Pin From Net: NetName=PB12 Pin=P3-1
Removed Pin From Net: NetName=PB13 Pin=P3-2
Removed Pin From Net: NetName=PB14 Pin=P3-3
Removed Pin From Net: NetName=PB15 Pin=P3-4
Removed Pin From Net: NetName=PC6 Pin=P3-5
Removed Pin From Net: NetName=PC7 Pin=P3-6
Removed Pin From Net: NetName=PC8 Pin=P3-7
Removed Pin From Net: NetName=PC9 Pin=P3-8
Removed Pin From Net: NetName=PA8 Pin=P3-9
Removed Pin From Net: NetName=PA9 Pin=P3-10
Removed Pin From Net: NetName=PA10 Pin=P3-11
Removed Pin From Net: NetName=PA11 Pin=P3-12
Removed Pin From Net: NetName=PA12 Pin=P3-13
Removed Pin From Net: NetName=PA13 Pin=P3-14
Removed Pin From Net: NetName=PA15 Pin=P4-1
Removed Pin From Net: NetName=PA14 Pin=P4-2
Removed Pin From Net: NetName=PC11 Pin=P4-3
Removed Pin From Net: NetName=PC10 Pin=P4-4
Removed Pin From Net: NetName=PD2 Pin=P4-5
Removed Pin From Net: NetName=PC12 Pin=P4-6
Removed Pin From Net: NetName=PB4 Pin=P4-7
Removed Pin From Net: NetName=PB3 Pin=P4-8
Removed Pin From Net: NetName=PB6 Pin=P4-9
Removed Pin From Net: NetName=PB5 Pin=P4-10
Removed Pin From Net: NetName=BOOT0 Pin=P4-11
Removed Pin From Net: NetName=PB7 Pin=P4-12
Removed Pin From Net: NetName=PB8 Pin=P4-14
Removed Pin From Net: NetName=PC13 Pin=P4-15
Removed Pin From Net: NetName=3V3 Pin=P4-16
Removed Pin From Net: NetName=3V3 Pin=P4-18
Change Component DesignItemId : Designator=P1 Old DesignItemId=Header 6X2 New DesignItemId=Header 8
Change Component DesignItemId : Designator=P2 Old DesignItemId=Header 7X2 New DesignItemId=Header 14
Change Component DesignItemId : Designator=P3 Old DesignItemId=Header 7X2 New DesignItemId=Header 14
Change Component DesignItemId : Designator=P4 Old DesignItemId=Header 9X2 New DesignItemId=Header 14
Change Component Comment : Designator=P1 Old Comment=Header 6X2 New Comment=Header 8
Change Component Comment : Designator=P2 Old Comment=Header 7X2 New Comment=Header 14
Change Component Comment : Designator=P3 Old Comment=Header 7X2 New Comment=Header 14
Change Component Comment : Designator=P4 Old Comment=Header 9X2 New Comment=Header 14
Change Component Description : Designator=P1 Old Description= New Description=Header, 8-Pin
Change Component Description : Designator=P2 Old Description= New Description=Header, 14-Pin
Change Component Description : Designator=P3 Old Description= New Description=Header, 14-Pin
Change Component Description : Designator=P4 Old Description=Header, 9-Pin, Dual row New Description=Header, 14-Pin
Change Component Library : Designator=P1 Old Library=K60-mainboard-v3.1.SCHLIB New Library=Libraries_2014_0618.SchLib
Change Component Library : Designator=P2 Old Library=K60-mainboard-v3.1.SCHLIB New Library=Libraries_2014_0618.SchLib
Change Component Library : Designator=P3 Old Library=K60-mainboard-v3.1.SCHLIB New Library=Libraries_2014_0618.SchLib
Change Component Library : Designator=P4 Old Library=K60-mainboard-v3.1.SCHLIB New Library=Libraries_2014_0618.SchLib
Added Pin To Net: NetName=PC0 Pin=P1-2
Added Pin To Net: NetName=PC1 Pin=P1-3
Added Pin To Net: NetName=PC2 Pin=P1-4
Added Pin To Net: NetName=PC3 Pin=P1-5
Added Pin To Net: NetName=PA0 Pin=P1-6
Added Pin To Net: NetName=PA1 Pin=P1-7
Added Pin To Net: NetName=PA2 Pin=P1-8
Added Pin To Net: NetName=PB12 Pin=P2-1
Added Pin To Net: NetName=PB13 Pin=P2-2
Added Pin To Net: NetName=PB14 Pin=P2-3
Added Pin To Net: NetName=PB15 Pin=P2-4
Added Pin To Net: NetName=PC6 Pin=P2-5
Added Pin To Net: NetName=PC7 Pin=P2-6
Added Pin To Net: NetName=PC8 Pin=P2-7
Added Pin To Net: NetName=PC9 Pin=P2-8
Added Pin To Net: NetName=PA8 Pin=P2-9
Added Pin To Net: NetName=PA9 Pin=P2-10
Added Pin To Net: NetName=PA10 Pin=P2-11
Added Pin To Net: NetName=PA11 Pin=P2-12
Added Pin To Net: NetName=PA12 Pin=P2-13
Added Pin To Net: NetName=PA13 Pin=P2-14
Added Pin To Net: NetName=3V3 Pin=P3-1
Added Pin To Net: NetName=3V3 Pin=P3-2
Added Pin To Net: NetName=PA3 Pin=P3-3
Added Pin To Net: NetName=PA4 Pin=P3-4
Added Pin To Net: NetName=PA5 Pin=P3-5
Added Pin To Net: NetName=PA6 Pin=P3-6
Added Pin To Net: NetName=PA7 Pin=P3-7
Added Pin To Net: NetName=OLEDRESET Pin=P3-8
Added Pin To Net: NetName=PC5 Pin=P3-9
Added Pin To Net: NetName=PB0 Pin=P3-10
Added Pin To Net: NetName=PB1 Pin=P3-11
Added Pin To Net: NetName=BOOT1 Pin=P3-12
Added Pin To Net: NetName=PB10 Pin=P3-13
Added Pin To Net: NetName=PB11 Pin=P3-14
Added Pin To Net: NetName=PA14 Pin=P4-1
Added Pin To Net: NetName=PA15 Pin=P4-2
Added Pin To Net: NetName=PC10 Pin=P4-3
Added Pin To Net: NetName=PC11 Pin=P4-4
Added Pin To Net: NetName=PC12 Pin=P4-5
Added Pin To Net: NetName=PD2 Pin=P4-6
Added Pin To Net: NetName=PB3 Pin=P4-7
Added Pin To Net: NetName=PB4 Pin=P4-8
Added Pin To Net: NetName=PB5 Pin=P4-9
Added Pin To Net: NetName=PB6 Pin=P4-10
Added Pin To Net: NetName=PB7 Pin=P4-11
Added Pin To Net: NetName=PB8 Pin=P4-12
Added Pin To Net: NetName=PC13 Pin=P4-14
