Removed Pin From Net: NetName=PA14 Pin=P4-1
Removed Pin From Net: NetName=PA15 Pin=P4-2
Removed Pin From Net: NetName=PC10 Pin=P4-3
Removed Pin From Net: NetName=PC11 Pin=P4-4
Removed Pin From Net: NetName=PC12 Pin=P4-5
Removed Pin From Net: NetName=PD2 Pin=P4-6
Removed Pin From Net: NetName=BOOT1 Pin=P4-7
Removed Pin From Net: NetName=PB4 Pin=P4-8
Removed Pin From Net: NetName=PB5 Pin=P4-9
Removed Pin From Net: NetName=PB6 Pin=P4-10
Removed Pin From Net: NetName=PB7 Pin=P4-11
Removed Pin From Net: NetName=BOOT0 Pin=P4-12
Added Pin To Net: NetName=PA15 Pin=P4-1
Added Pin To Net: NetName=PA14 Pin=P4-2
Added Pin To Net: NetName=PC11 Pin=P4-3
Added Pin To Net: NetName=PC10 Pin=P4-4
Added Pin To Net: NetName=PD2 Pin=P4-5
Added Pin To Net: NetName=PC12 Pin=P4-6
Added Pin To Net: NetName=PB4 Pin=P4-7
Added Pin To Net: NetName=BOOT1 Pin=P4-8
Added Pin To Net: NetName=PB6 Pin=P4-9
Added Pin To Net: NetName=PB5 Pin=P4-10
Added Pin To Net: NetName=BOOT0 Pin=P4-11
Added Pin To Net: NetName=PB7 Pin=P4-12
